<?xml version="1.0" encoding="UTF-8"?>
<!-- Generated by org.testng.reporters.JUnitReportReporter -->
<testsuite hostname="v-yerzhykevych-pc" failures="0" tests="1" name="NewRequestTest" time="32.528" errors="0" timestamp="15 дек. 2020 14:46:02 GMT" skipped="0">
  <testcase classname="NewRequestTest" name="logOutTest" time="32.528"/>
</testsuite> <!-- NewRequestTest -->
