<?xml version="1.0" encoding="UTF-8"?>
<!-- Generated by org.testng.reporters.JUnitReportReporter -->
<testsuite hostname="v-yerzhykevych-pc" failures="0" tests="2" name="LogInNegativeTest" time="3.631" errors="0" timestamp="16 дек. 2020 10:05:06 GMT" skipped="0">
  <testcase classname="LogInNegativeTest" name="signInNegativeTestEmptyFields" time="2.228"/>
  <testcase classname="LogInNegativeTest" name="signInNegativeTestWrongData" time="1.403"/>
</testsuite> <!-- LogInNegativeTest -->
