<?xml version="1.0" encoding="UTF-8"?>
<!-- Generated by org.testng.reporters.JUnitReportReporter -->
<testsuite hostname="v-yerzhykevych-pc" failures="0" tests="1" name="LogOutTest" time="1.676" errors="0" timestamp="15 дек. 2020 12:49:38 GMT" skipped="0">
  <testcase classname="LogOutTest" name="logOutTest" time="1.676"/>
</testsuite> <!-- LogOutTest -->
