<?xml version="1.0" encoding="UTF-8"?>
<!-- Generated by org.testng.reporters.JUnitReportReporter -->
<testsuite hostname="v-yerzhykevych-pc" failures="0" tests="1" name="NewRequestTest" time="29.454" errors="0" timestamp="16 дек. 2020 10:05:06 GMT" skipped="0">
  <testcase classname="NewRequestTest" name="logOutTest" time="29.454"/>
</testsuite> <!-- NewRequestTest -->
