<?xml version="1.0" encoding="UTF-8"?>
<!-- Generated by org.testng.reporters.JUnitReportReporter -->
<testsuite hostname="v-yerzhykevych-pc" failures="0" tests="2" name="LogInNegativeTest" time="3.818" errors="0" timestamp="21 дек. 2020 09:49:25 GMT" skipped="0">
  <testcase classname="LogInNegativeTest" name="signInNegativeTestWrongData" time="1.502"/>
  <testcase classname="LogInNegativeTest" name="signInNegativeTestEmptyFields" time="2.316"/>
</testsuite> <!-- LogInNegativeTest -->
