<?xml version="1.0" encoding="UTF-8"?>
<!-- Generated by org.testng.reporters.JUnitReportReporter -->
<testsuite hostname="v-yerzhykevych-pc" failures="0" tests="1" name="LogInTest" time="3.946" errors="0" timestamp="15 дек. 2020 12:49:38 GMT" skipped="0">
  <testcase classname="LogInTest" name="signInTest" time="3.946"/>
</testsuite> <!-- LogInTest -->
