<?xml version="1.0" encoding="UTF-8"?>
<!-- Generated by org.testng.reporters.JUnitReportReporter -->
<testsuite hostname="v-yerzhykevych-pc" failures="0" tests="2" name="LogInNegativeTest" time="4.739" errors="0" timestamp="15 дек. 2020 12:49:38 GMT" skipped="0">
  <testcase classname="LogInNegativeTest" name="signInNegativeTestEmptyFields" time="3.274"/>
  <testcase classname="LogInNegativeTest" name="signInNegativeTestWrongData" time="1.465"/>
</testsuite> <!-- LogInNegativeTest -->
