<?xml version="1.0" encoding="UTF-8"?>
<!-- Generated by org.testng.reporters.JUnitReportReporter -->
<testsuite hostname="v-yerzhykevych-pc" failures="0" tests="1" name="LogInTest" time="4.264" errors="0" timestamp="15 дек. 2020 14:46:02 GMT" skipped="0">
  <testcase classname="LogInTest" name="signInTest" time="4.264"/>
</testsuite> <!-- LogInTest -->
