<?xml version="1.0" encoding="UTF-8"?>
<!-- Generated by org.testng.reporters.JUnitReportReporter -->
<testsuite hostname="v-yerzhykevych-pc" failures="0" tests="1" name="LogOutTest" time="1.485" errors="0" timestamp="21 дек. 2020 09:49:25 GMT" skipped="0">
  <testcase classname="LogOutTest" name="logOutTest" time="1.485"/>
</testsuite> <!-- LogOutTest -->
